Traceback (most recent call last):
  File "C:\Users\Laurence Bouvard\Desktop\openfisca_apt\openfiscaLOLO\src\openFisca.pyw", line 1600, in main
    mainwindow = run_spyder(app, options)
  File "C:\Users\Laurence Bouvard\Desktop\openfisca_apt\openfiscaLOLO\src\openFisca.pyw", line 1516, in run_spyder
    main.setup()
  File "C:\Users\Laurence Bouvard\Desktop\openfisca_apt\openfiscaLOLO\src\openFisca.pyw", line 656, in setup
    self.setup_layout(default=False)
  File "C:\Users\Laurence Bouvard\Desktop\openfisca_apt\openfiscaLOLO\src\openFisca.pyw", line 935, in setup_layout
    self.composition.compute()
  File "C:\Users\Laurence Bouvard\Desktop\openfisca_apt\openfiscaLOLO\src\countries\france\widgets\Composition.py", line 463, in compute
    self.simulation.compute()
  File "C:\Users\Laurence Bouvard\Desktop\openfisca_apt\openfiscaLOLO\src\lib\simulation.py", line 288, in compute
    data = gen_output_data(output, filename = self.totaux_file)
  File "C:\Users\Laurence Bouvard\Desktop\openfisca_apt\openfiscaLOLO\src\lib\utils.py", line 100, in gen_output_data
    handle_output_xml(_doc, tree, model)
  File "C:\Users\Laurence Bouvard\Desktop\openfisca_apt\openfiscaLOLO\src\lib\utils.py", line 73, in handle_output_xml
    handle_output_xml(element, child, model, entity)
  File "C:\Users\Laurence Bouvard\Desktop\openfisca_apt\openfiscaLOLO\src\lib\utils.py", line 73, in handle_output_xml
    handle_output_xml(element, child, model, entity)
  File "C:\Users\Laurence Bouvard\Desktop\openfisca_apt\openfiscaLOLO\src\lib\utils.py", line 73, in handle_output_xml
    handle_output_xml(element, child, model, entity)
  File "C:\Users\Laurence Bouvard\Desktop\openfisca_apt\openfiscaLOLO\src\lib\utils.py", line 73, in handle_output_xml
    handle_output_xml(element, child, model, entity)
  File "C:\Users\Laurence Bouvard\Desktop\openfisca_apt\openfiscaLOLO\src\lib\utils.py", line 73, in handle_output_xml
    handle_output_xml(element, child, model, entity)
  File "C:\Users\Laurence Bouvard\Desktop\openfisca_apt\openfiscaLOLO\src\lib\utils.py", line 73, in handle_output_xml
    handle_output_xml(element, child, model, entity)
  File "C:\Users\Laurence Bouvard\Desktop\openfisca_apt\openfiscaLOLO\src\lib\utils.py", line 81, in handle_output_xml
    model.calculate(tree.code)
  File "C:\Users\Laurence Bouvard\Desktop\openfisca_apt\openfiscaLOLO\src\lib\datatable.py", line 436, in calculate
    self.calculate(parentname)
  File "C:\Users\Laurence Bouvard\Desktop\openfisca_apt\openfiscaLOLO\src\lib\datatable.py", line 453, in calculate
    self.set_value(varname, col._func(**funcArgs), idx)
  File "C:\Users\Laurence Bouvard\Desktop\openfisca_apt\openfiscaLOLO\src\countries\france\model\cotsoc.py", line 406, in _alleg_fillon
    taux_fillon = taux_exo_fillon(sal_h_b, P)
  File "C:\Users\Laurence Bouvard\Desktop\openfisca_apt\openfiscaLOLO\src\countries\france\model\cotsoc.py", line 600, in taux_exo_fillon
    seuil = P.exo_fillon.seuil
AttributeError: 'Tree2Object' object has no attribute 'exo_fillon'
